Using pre-set license

 COMMAND LINE ARGUMENTS:
/Users/saaim/Documents/Program Files/Unity/2020.3.3f1/Unity.app/Contents/MacOS/Unity
-adb2
-batchMode
-noUpm
-name
AssetImportWorker0
-projectPath
/Users/saaim/Documents/Program Files/GitHub/Into-The-Bauhaus-Wonderland/Into The Bauhaus Wonderland
-logFile
Logs/AssetImportWorker0.log
-srvPort
63738
Successfully changed project path to: /Users/saaim/Documents/Program Files/GitHub/Into-The-Bauhaus-Wonderland/Into The Bauhaus Wonderland
/Users/saaim/Documents/Program Files/GitHub/Into-The-Bauhaus-Wonderland/Into The Bauhaus Wonderland
Using Asset Import Pipeline V2.
Refreshing native plugins compatible for Editor in 21.12 ms, found 1 plugins.
Preloading 0 native plugins for Editor in 0.00 ms.
Initialize engine version: 2020.3.3f1 (76626098c1c4)
[Subsystems] Discovering subsystems at path /Users/saaim/Documents/Program Files/Unity/2020.3.3f1/Unity.app/Contents/Resources/UnitySubsystems
[Subsystems] Discovering subsystems at path /Users/saaim/Documents/Program Files/GitHub/Into-The-Bauhaus-Wonderland/Into The Bauhaus Wonderland/Assets
GfxDevice: creating device client; threaded=0
2022-11-03 14:43:44.310 Unity[75710:4380046] S24D590 preferred device: AMD Radeon Pro 555X (high power)
2022-11-03 14:43:44.310 Unity[75710:4380046] Metal devices available: 2
2022-11-03 14:43:44.310 Unity[75710:4380046] 0: AMD Radeon Pro 555X (high power)
2022-11-03 14:43:44.310 Unity[75710:4380046] 1: Intel(R) UHD Graphics 630 (low power)
2022-11-03 14:43:44.311 Unity[75710:4380046] Using device AMD Radeon Pro 555X (high power)
Initializing Metal device caps: AMD Radeon Pro 555X
Initialize mono
Mono path[0] = '/Users/saaim/Documents/Program Files/Unity/2020.3.3f1/Unity.app/Contents/Managed'
Mono path[1] = '/Users/saaim/Documents/Program Files/Unity/2020.3.3f1/Unity.app/Contents/MonoBleedingEdge/lib/mono/unityjit'
Mono config path = '/Users/saaim/Documents/Program Files/Unity/2020.3.3f1/Unity.app/Contents/MonoBleedingEdge/etc'
Using monoOptions --debugger-agent=transport=dt_socket,embedding=1,server=y,suspend=n,address=127.0.0.1:56710
Begin MonoManager ReloadAssembly
Registering precompiled unity dll's ...
Register platform support module: /Users/saaim/Documents/Program Files/Unity/2020.3.3f1/Unity.app/Contents/PlaybackEngines/MacStandaloneSupport/UnityEditor.OSXStandalone.Extensions.dll
Registered in 0.002258 seconds.
Native extension for OSXStandalone target not found
Refreshing native plugins compatible for Editor in 20.10 ms, found 1 plugins.
Preloading 0 native plugins for Editor in 0.00 ms.
Invoked RoslynAnalysisRunner static constructor.
RoslynAnalysisRunner will not be running.
RoslynAnalysisRunner has terminated.
Mono: successfully reloaded assembly
- Completed reload, in  1.326 seconds
Platform modules already initialized, skipping
Registering precompiled user dll's ...
Registered in 0.001237 seconds.
Begin MonoManager ReloadAssembly
Native extension for OSXStandalone target not found
Refreshing native plugins compatible for Editor in 0.18 ms, found 1 plugins.
Preloading 0 native plugins for Editor in 0.00 ms.
Invoked RoslynAnalysisRunner static constructor.
RoslynAnalysisRunner will not be running.
RoslynAnalysisRunner has terminated.
Mono: successfully reloaded assembly
- Completed reload, in  0.726 seconds
Platform modules already initialized, skipping
========================================================================
Worker process is ready to serve import requests
Launching external process: /Users/saaim/Documents/Program Files/Unity/2020.3.3f1/Unity.app/Contents/Tools/UnityShaderCompiler
Launched and connected shader compiler UnityShaderCompiler after 0.01 seconds
Refreshing native plugins compatible for Editor in 0.23 ms, found 1 plugins.
Preloading 0 native plugins for Editor in 0.00 ms.
Unloading 1115 Unused Serialized files (Serialized files now loaded: 0)
System memory in use before: 56.1 MB.
System memory in use after: 56.1 MB.

Unloading 9 unused Assets to reduce memory usage. Loaded Objects now: 1558.
Total: 2.097088 ms (FindLiveObjects: 0.165400 ms CreateObjectMapping: 0.048454 ms MarkObjects: 1.804388 ms  DeleteObjects: 0.077326 ms)

========================================================================
Received Import Request.
  path: Assets/Scenes/SampleScene.unity
  artifactKey: Guid(9fc0d4010bbf28b4594072e72b8655ab) Importer(815301076,1909f56bfc062723c751e8b465ee728b)
Start importing Assets/Scenes/SampleScene.unity using Guid(9fc0d4010bbf28b4594072e72b8655ab) Importer(815301076,1909f56bfc062723c751e8b465ee728b)  -> (artifact id: 'f5c2f2c2a1bc51d97acb4e2643276eeb') in 0.014218 seconds
  Import took 0.016723 seconds .

========================================================================
Received Import Request.
  Time since last request: 11.473125 seconds.
  path: Assets/Scenes/Main.unity
  artifactKey: Guid(9fc0d4010bbf28b4594072e72b8655ab) Importer(815301076,1909f56bfc062723c751e8b465ee728b)
Start importing Assets/Scenes/Main.unity using Guid(9fc0d4010bbf28b4594072e72b8655ab) Importer(815301076,1909f56bfc062723c751e8b465ee728b)  -> (artifact id: 'eeb65b6e653d87356c4a338aa96e911e') in 0.001403 seconds
  Import took 0.003345 seconds .

========================================================================
Received Import Request.
  Time since last request: 13.995566 seconds.
  path: Assets/Models
  artifactKey: Guid(f8dde23941aa94a95b352208bc575726) Importer(815301076,1909f56bfc062723c751e8b465ee728b)
Start importing Assets/Models using Guid(f8dde23941aa94a95b352208bc575726) Importer(815301076,1909f56bfc062723c751e8b465ee728b)  -> (artifact id: '25543816b0098d88911de560a9675821') in 0.002029 seconds
  Import took 0.003751 seconds .

========================================================================
Received Import Request.
  Time since last request: 6.564748 seconds.
  path: Assets/Textures
  artifactKey: Guid(3aa0dbc27157b45d1995d10b95681658) Importer(815301076,1909f56bfc062723c751e8b465ee728b)
Start importing Assets/Textures using Guid(3aa0dbc27157b45d1995d10b95681658) Importer(815301076,1909f56bfc062723c751e8b465ee728b)  -> (artifact id: 'd750594e69ddbeb92bc73a9f5b4ef80a') in 0.001785 seconds
  Import took 0.003778 seconds .

========================================================================
Received Import Request.
  Time since last request: 6.846351 seconds.
  path: Assets/Materials
  artifactKey: Guid(43e5fe979f8c04b2b885d21b83307bfa) Importer(815301076,1909f56bfc062723c751e8b465ee728b)
Start importing Assets/Materials using Guid(43e5fe979f8c04b2b885d21b83307bfa) Importer(815301076,1909f56bfc062723c751e8b465ee728b)  -> (artifact id: '4a7942dc10f5d987c7a51eebb3d9913b') in 0.002096 seconds
  Import took 0.004206 seconds .

========================================================================
Received Import Request.
  Time since last request: 33.332480 seconds.
  path: Assets/Models/book.obj
  artifactKey: Guid(019422601a24543d8a67aa07c191b67b) Importer(815301076,1909f56bfc062723c751e8b465ee728b)
Start importing Assets/Models/book.obj using Guid(019422601a24543d8a67aa07c191b67b) Importer(815301076,1909f56bfc062723c751e8b465ee728b)  -> (artifact id: '856755cf25490d9d9db165b77057c23d') in 1.096730 seconds
  Import took 1.099018 seconds .

========================================================================
Received Import Request.
  Time since last request: 0.000218 seconds.
  path: Assets/Models/decoration 1.obj
  artifactKey: Guid(0290e38e5d380497788b38b247e356ec) Importer(815301076,1909f56bfc062723c751e8b465ee728b)
Start importing Assets/Models/decoration 1.obj using Guid(0290e38e5d380497788b38b247e356ec) Importer(815301076,1909f56bfc062723c751e8b465ee728b)  -> (artifact id: '0c8fba2914e6ec21e9e378c0560dce40') in 0.022994 seconds
  Import took 0.024772 seconds .

========================================================================
Received Import Request.
  Time since last request: 0.000217 seconds.
  path: Assets/Models/puzzle piece 3.obj
  artifactKey: Guid(b2cbb1478a3e340d5b786b9c9b97f6cd) Importer(815301076,1909f56bfc062723c751e8b465ee728b)
Start importing Assets/Models/puzzle piece 3.obj using Guid(b2cbb1478a3e340d5b786b9c9b97f6cd) Importer(815301076,1909f56bfc062723c751e8b465ee728b)  -> (artifact id: 'fdc72faf0cf17f2d5c02609121c92336') in 0.022691 seconds
  Import took 0.024412 seconds .

========================================================================
Received Import Request.
  Time since last request: 0.000188 seconds.
  path: Assets/Models/couch 2.obj
  artifactKey: Guid(28a7918e1376c472e9d9cdc078fe3bad) Importer(815301076,1909f56bfc062723c751e8b465ee728b)
Start importing Assets/Models/couch 2.obj using Guid(28a7918e1376c472e9d9cdc078fe3bad) Importer(815301076,1909f56bfc062723c751e8b465ee728b)  -> (artifact id: '956408d1fdbe6a37ad4116ac3f1b80e3') in 0.025490 seconds
  Import took 0.027531 seconds .

========================================================================
Received Import Request.
  Time since last request: 0.000271 seconds.
  path: Assets/Models/side table thing.obj
  artifactKey: Guid(3bb3cea335d424703b11faa84aecaf3f) Importer(815301076,1909f56bfc062723c751e8b465ee728b)
Start importing Assets/Models/side table thing.obj using Guid(3bb3cea335d424703b11faa84aecaf3f) Importer(815301076,1909f56bfc062723c751e8b465ee728b)  -> (artifact id: '89b4014cbdb46bc157ae2f5c38342149') in 0.031905 seconds
  Import took 0.033741 seconds .

========================================================================
Received Import Request.
  Time since last request: 0.000213 seconds.
  path: Assets/Models/shelf 2.obj
  artifactKey: Guid(a81c99a22c5f64d87a5ef13938be036e) Importer(815301076,1909f56bfc062723c751e8b465ee728b)
Start importing Assets/Models/shelf 2.obj using Guid(a81c99a22c5f64d87a5ef13938be036e) Importer(815301076,1909f56bfc062723c751e8b465ee728b)  -> (artifact id: 'a75136575c4ecdd0bc03b04855066b81') in 0.023853 seconds
  Import took 0.025607 seconds .

========================================================================
Received Import Request.
  Time since last request: 0.000183 seconds.
  path: Assets/Models/decoration 3.obj
  artifactKey: Guid(79d573ddd0c584d39a5fc746eda9a3ca) Importer(815301076,1909f56bfc062723c751e8b465ee728b)
Start importing Assets/Models/decoration 3.obj using Guid(79d573ddd0c584d39a5fc746eda9a3ca) Importer(815301076,1909f56bfc062723c751e8b465ee728b)  -> (artifact id: 'aa34c9d326b57bc6fcb8c9d509aaa6ee') in 0.019677 seconds
  Import took 0.021404 seconds .

========================================================================
Received Import Request.
  Time since last request: 0.000218 seconds.
  path: Assets/Models/lamp.obj
  artifactKey: Guid(90de43475758447dabc307808de7b8a9) Importer(815301076,1909f56bfc062723c751e8b465ee728b)
Start importing Assets/Models/lamp.obj using Guid(90de43475758447dabc307808de7b8a9) Importer(815301076,1909f56bfc062723c751e8b465ee728b)  -> (artifact id: '0d1aac0f5614d98b4658a69bc346225e') in 0.025281 seconds
  Import took 0.026860 seconds .

========================================================================
Received Import Request.
  Time since last request: 0.000201 seconds.
  path: Assets/Models/puzzle piece 2.obj
  artifactKey: Guid(6c53760b4f9eb475a97a893838828284) Importer(815301076,1909f56bfc062723c751e8b465ee728b)
Start importing Assets/Models/puzzle piece 2.obj using Guid(6c53760b4f9eb475a97a893838828284) Importer(815301076,1909f56bfc062723c751e8b465ee728b)  -> (artifact id: '9cebf528c11e999c1db48e4ddac587c5') in 0.027686 seconds
  Import took 0.029336 seconds .

========================================================================
Received Import Request.
  Time since last request: 0.000199 seconds.
  path: Assets/Models/wall shelf.obj
  artifactKey: Guid(ae937f40481ff4ec5925fdda5c10fdda) Importer(815301076,1909f56bfc062723c751e8b465ee728b)
Start importing Assets/Models/wall shelf.obj using Guid(ae937f40481ff4ec5925fdda5c10fdda) Importer(815301076,1909f56bfc062723c751e8b465ee728b)  -> (artifact id: 'c917308630d2bd80b6caf5ab4ceca0b3') in 0.022923 seconds
  Import took 0.024550 seconds .

========================================================================
Received Import Request.
  Time since last request: 0.000209 seconds.
  path: Assets/Models/decoration 6.obj
  artifactKey: Guid(8b5836093c34c42e99bf3fb3d5f66363) Importer(815301076,1909f56bfc062723c751e8b465ee728b)
Start importing Assets/Models/decoration 6.obj using Guid(8b5836093c34c42e99bf3fb3d5f66363) Importer(815301076,1909f56bfc062723c751e8b465ee728b)  -> (artifact id: '0636317a1344e62e4cb95e0cc1bba65a') in 0.022590 seconds
  Import took 0.024294 seconds .

========================================================================
Received Import Request.
  Time since last request: 0.000238 seconds.
  path: Assets/Models/decoration 2.obj
  artifactKey: Guid(b8af69a0bb543494a861b2f41ca5b94c) Importer(815301076,1909f56bfc062723c751e8b465ee728b)
Start importing Assets/Models/decoration 2.obj using Guid(b8af69a0bb543494a861b2f41ca5b94c) Importer(815301076,1909f56bfc062723c751e8b465ee728b)  -> (artifact id: 'ba6a03ee622dbfe8a61849e776771ebf') in 0.029903 seconds
  Import took 0.031632 seconds .

========================================================================
Received Import Request.
  Time since last request: 0.000192 seconds.
  path: Assets/Models/shelf.obj
  artifactKey: Guid(3e62a9ba5ab244cbf9ed4231059106b4) Importer(815301076,1909f56bfc062723c751e8b465ee728b)
Start importing Assets/Models/shelf.obj using Guid(3e62a9ba5ab244cbf9ed4231059106b4) Importer(815301076,1909f56bfc062723c751e8b465ee728b)  -> (artifact id: 'bb8f3094eeca8d17e934d626773b0240') in 0.029151 seconds
  Import took 0.031181 seconds .

========================================================================
Received Import Request.
  Time since last request: 0.000205 seconds.
  path: Assets/Models/puzzle piece 1.obj
  artifactKey: Guid(fd7e27a9ecaac493db75c0a6e29c2809) Importer(815301076,1909f56bfc062723c751e8b465ee728b)
Start importing Assets/Models/puzzle piece 1.obj using Guid(fd7e27a9ecaac493db75c0a6e29c2809) Importer(815301076,1909f56bfc062723c751e8b465ee728b)  -> (artifact id: 'cf79aca2eb58d09e157773b248500462') in 0.022223 seconds
  Import took 0.023912 seconds .

========================================================================
Received Import Request.
  Time since last request: 0.000194 seconds.
  path: Assets/Models/decoration 4.obj
  artifactKey: Guid(caa60f51297cc472592c95a20722ac01) Importer(815301076,1909f56bfc062723c751e8b465ee728b)
Start importing Assets/Models/decoration 4.obj using Guid(caa60f51297cc472592c95a20722ac01) Importer(815301076,1909f56bfc062723c751e8b465ee728b)  -> (artifact id: 'ce8a41fdca75f71097bb4612cc218eb3') in 0.021178 seconds
  Import took 0.022847 seconds .

========================================================================
Received Import Request.
  Time since last request: 0.000202 seconds.
  path: Assets/Models/coffee table.obj
  artifactKey: Guid(08dd595cffaf54f30bdfa494303facea) Importer(815301076,1909f56bfc062723c751e8b465ee728b)
Start importing Assets/Models/coffee table.obj using Guid(08dd595cffaf54f30bdfa494303facea) Importer(815301076,1909f56bfc062723c751e8b465ee728b)  -> (artifact id: 'de3ee15810a39e7ea70e4d2dbf78e65b') in 0.031771 seconds
  Import took 0.033456 seconds .

========================================================================
Received Import Request.
  Time since last request: 0.000200 seconds.
  path: Assets/Models/decoration 5.obj
  artifactKey: Guid(4c24676ffe1d348b4b716cf39275dd8c) Importer(815301076,1909f56bfc062723c751e8b465ee728b)
Start importing Assets/Models/decoration 5.obj using Guid(4c24676ffe1d348b4b716cf39275dd8c) Importer(815301076,1909f56bfc062723c751e8b465ee728b)  -> (artifact id: '432ffe34fbcf57f95e75e7fb5d0d0ac7') in 0.021750 seconds
  Import took 0.023393 seconds .

========================================================================
Received Import Request.
  Time since last request: 0.000189 seconds.
  path: Assets/Models/puzzle piece 5.obj
  artifactKey: Guid(87a3fbce2b2c44a20a2c4bc75f90c85a) Importer(815301076,1909f56bfc062723c751e8b465ee728b)
Start importing Assets/Models/puzzle piece 5.obj using Guid(87a3fbce2b2c44a20a2c4bc75f90c85a) Importer(815301076,1909f56bfc062723c751e8b465ee728b)  -> (artifact id: '0d933d55e44218f2c60531530d69ea21') in 0.021355 seconds
  Import took 0.023021 seconds .

========================================================================
Received Import Request.
  Time since last request: 0.000195 seconds.
  path: Assets/Models/puzzle piece 4.obj
  artifactKey: Guid(fdf577a5c38e44190adce00610e6c0fc) Importer(815301076,1909f56bfc062723c751e8b465ee728b)
Start importing Assets/Models/puzzle piece 4.obj using Guid(fdf577a5c38e44190adce00610e6c0fc) Importer(815301076,1909f56bfc062723c751e8b465ee728b)  -> (artifact id: 'efe6f0bc808bde6e2e6ad2af8e255863') in 0.024967 seconds
  Import took 0.026692 seconds .

========================================================================
Received Import Request.
  Time since last request: 25.018309 seconds.
  path: Assets/Models/Puzzle Pieces
  artifactKey: Guid(fc4fdec0f8744447795bfbed69330583) Importer(815301076,1909f56bfc062723c751e8b465ee728b)
Start importing Assets/Models/Puzzle Pieces using Guid(fc4fdec0f8744447795bfbed69330583) Importer(815301076,1909f56bfc062723c751e8b465ee728b)  -> (artifact id: 'af6b59813c98a5f7588437cc03c5622f') in 0.001951 seconds
  Import took 0.004406 seconds .

========================================================================
Received Import Request.
  Time since last request: 120.969476 seconds.
  path: Assets/Models/Chair.blend
  artifactKey: Guid(084933cf343d84db09fa19ae4d79d009) Importer(815301076,1909f56bfc062723c751e8b465ee728b)
Start importing Assets/Models/Chair.blend using Guid(084933cf343d84db09fa19ae4d79d009) Importer(815301076,1909f56bfc062723c751e8b465ee728b)  -> (artifact id: 'c97da776ffe331dccad593e577cdaf12') in 1.245907 seconds
  Import took 1.248076 seconds .

========================================================================
Received Import Request.
  Time since last request: 17.185925 seconds.
  path: Assets/Models/Potted Plant.blend
  artifactKey: Guid(22b77cfb8a0cc494c8c5be5d03d654cb) Importer(815301076,1909f56bfc062723c751e8b465ee728b)
Start importing Assets/Models/Potted Plant.blend using Guid(22b77cfb8a0cc494c8c5be5d03d654cb) Importer(815301076,1909f56bfc062723c751e8b465ee728b)  -> (artifact id: 'd61c50b1136fb5bd1ffc1a3296cb3982') in 0.083188 seconds
  Import took 0.085208 seconds .

========================================================================
Received Import Request.
  Time since last request: 142.134533 seconds.
  path: Assets/Textures/painting 3.png
  artifactKey: Guid(f3387947198074b7b8e1900d2529778f) Importer(815301076,1909f56bfc062723c751e8b465ee728b)
Start importing Assets/Textures/painting 3.png using Guid(f3387947198074b7b8e1900d2529778f) Importer(815301076,1909f56bfc062723c751e8b465ee728b)  -> (artifact id: '82121599d9441a14a5d2fabec716d368') in 1.134656 seconds
  Import took 1.136582 seconds .

========================================================================
Received Import Request.
  Time since last request: 0.000258 seconds.
  path: Assets/Textures/painting 5.png
  artifactKey: Guid(53ae629d192794be888c855ba844d916) Importer(815301076,1909f56bfc062723c751e8b465ee728b)
Start importing Assets/Textures/painting 5.png using Guid(53ae629d192794be888c855ba844d916) Importer(815301076,1909f56bfc062723c751e8b465ee728b)  -> (artifact id: '850f2569da25f1d3aedea414a4889834') in 0.014427 seconds
  Import took 0.016365 seconds .

========================================================================
Received Import Request.
  Time since last request: 0.000254 seconds.
  path: Assets/Textures/painting 4.png
  artifactKey: Guid(f5be0bbcb85f746a9a48e60d429a9f2f) Importer(815301076,1909f56bfc062723c751e8b465ee728b)
Start importing Assets/Textures/painting 4.png using Guid(f5be0bbcb85f746a9a48e60d429a9f2f) Importer(815301076,1909f56bfc062723c751e8b465ee728b)  -> (artifact id: '824bfc3dfbe13e24f4295000e75d9c54') in 0.014416 seconds
  Import took 0.016271 seconds .

========================================================================
Received Import Request.
  Time since last request: 167.009349 seconds.
  path: Assets/Textures/seamless-wood-texture-background_105762-62.jpg
  artifactKey: Guid(4283ea90451ab49fa90c7884eac16929) Importer(815301076,1909f56bfc062723c751e8b465ee728b)
Start importing Assets/Textures/seamless-wood-texture-background_105762-62.jpg using Guid(4283ea90451ab49fa90c7884eac16929) Importer(815301076,1909f56bfc062723c751e8b465ee728b)  -> (artifact id: 'f448af5b8074b616e7bf9a808135f70c') in 1.175187 seconds
  Import took 1.177515 seconds .

========================================================================
Received Import Request.
  Time since last request: 20.335162 seconds.
  path: Assets/Textures/Wood.jpg
  artifactKey: Guid(4283ea90451ab49fa90c7884eac16929) Importer(815301076,1909f56bfc062723c751e8b465ee728b)
Start importing Assets/Textures/Wood.jpg using Guid(4283ea90451ab49fa90c7884eac16929) Importer(815301076,1909f56bfc062723c751e8b465ee728b)  -> (artifact id: 'a03e512c2fa9af775a5f1e893bbe2460') in 0.008307 seconds
  Import took 0.010382 seconds .

========================================================================
Received Import Request.
  Time since last request: 43.440026 seconds.
  path: Assets/Materials/Wood.mat
  artifactKey: Guid(633f1fa5885ad42eea7369a73af790b9) Importer(815301076,1909f56bfc062723c751e8b465ee728b)
Start importing Assets/Materials/Wood.mat using Guid(633f1fa5885ad42eea7369a73af790b9) Importer(815301076,1909f56bfc062723c751e8b465ee728b)  -> (artifact id: '3226c09d8cd46df3b047bdd8d8225bab') in 0.819219 seconds
  Import took 0.821508 seconds .

========================================================================
Received Import Request.
  Time since last request: 14.831860 seconds.
  path: Packages/com.unity.collab-proxy/Editor/Assets/Icons/added-file-dark.png
  artifactKey: Guid(1a4f52b613391cd449af3ad2e44affeb) Importer(815301076,1909f56bfc062723c751e8b465ee728b)
Start importing Packages/com.unity.collab-proxy/Editor/Assets/Icons/added-file-dark.png using Guid(1a4f52b613391cd449af3ad2e44affeb) Importer(815301076,1909f56bfc062723c751e8b465ee728b)  -> (artifact id: 'db1e8611cc549bd07cca4a2f5d6e5a1c') in 0.007719 seconds
  Import took 0.010248 seconds .

========================================================================
Received Import Request.
  Time since last request: 0.000250 seconds.
  path: Packages/com.unity.collab-proxy/Editor/Assets/Icons/back-light@2x.png
  artifactKey: Guid(f5c57327df0fa294c8209aa216435167) Importer(815301076,1909f56bfc062723c751e8b465ee728b)
Start importing Packages/com.unity.collab-proxy/Editor/Assets/Icons/back-light@2x.png using Guid(f5c57327df0fa294c8209aa216435167) Importer(815301076,1909f56bfc062723c751e8b465ee728b)  -> (artifact id: '41a1b84bf0e7c4d38e7c009045ddc8e8') in 0.007600 seconds
  Import took 0.009376 seconds .

========================================================================
Received Import Request.
  Time since last request: 0.000198 seconds.
  path: Packages/com.unity.collab-proxy/Editor/Assets/Icons/back-dark.png
  artifactKey: Guid(8e3ec2dfd58b79842aa78376678a9a05) Importer(815301076,1909f56bfc062723c751e8b465ee728b)
Start importing Packages/com.unity.collab-proxy/Editor/Assets/Icons/back-dark.png using Guid(8e3ec2dfd58b79842aa78376678a9a05) Importer(815301076,1909f56bfc062723c751e8b465ee728b)  -> (artifact id: '69b8c63c435cffc8eb391a7745ce31d7') in 0.007954 seconds
  Import took 0.009862 seconds .

========================================================================
Received Import Request.
  Time since last request: 0.000243 seconds.
  path: Packages/com.unity.collab-proxy/Editor/Assets/Icons/back-dark@2x.png
  artifactKey: Guid(9c6313a5316f8a34b852bf94ff96e3ab) Importer(815301076,1909f56bfc062723c751e8b465ee728b)
Start importing Packages/com.unity.collab-proxy/Editor/Assets/Icons/back-dark@2x.png using Guid(9c6313a5316f8a34b852bf94ff96e3ab) Importer(815301076,1909f56bfc062723c751e8b465ee728b)  -> (artifact id: 'b588310b55869cbc486115aa69b1ccab') in 0.010804 seconds
  Import took 0.012994 seconds .

========================================================================
Received Import Request.
  Time since last request: 0.000204 seconds.
  path: Packages/com.unity.collab-proxy/Editor/Assets/Icons/added-file-dark@2x.png
  artifactKey: Guid(c223e0c507e2c6549a2cb97441b62cbe) Importer(815301076,1909f56bfc062723c751e8b465ee728b)
Start importing Packages/com.unity.collab-proxy/Editor/Assets/Icons/added-file-dark@2x.png using Guid(c223e0c507e2c6549a2cb97441b62cbe) Importer(815301076,1909f56bfc062723c751e8b465ee728b)  -> (artifact id: 'f89d69cfd65303012913f0e9bae2b474') in 0.007646 seconds
  Import took 0.009638 seconds .

========================================================================
Received Import Request.
  Time since last request: 0.000220 seconds.
  path: Packages/com.unity.collab-proxy/Editor/Assets/Icons/added-file-light@2x.png
  artifactKey: Guid(ec2e3aa6d0ab8ce4eac29b56d65d61d5) Importer(815301076,1909f56bfc062723c751e8b465ee728b)
Start importing Packages/com.unity.collab-proxy/Editor/Assets/Icons/added-file-light@2x.png using Guid(ec2e3aa6d0ab8ce4eac29b56d65d61d5) Importer(815301076,1909f56bfc062723c751e8b465ee728b)  -> (artifact id: '782e9506c4145a6d2694135fa4109023') in 0.007771 seconds
  Import took 0.009944 seconds .

========================================================================
Received Import Request.
  Time since last request: 0.000219 seconds.
  path: Packages/com.unity.collab-proxy/Editor/Assets/Icons/back-light.png
  artifactKey: Guid(e676ab7aa99535447a763c9f88bf9260) Importer(815301076,1909f56bfc062723c751e8b465ee728b)
Start importing Packages/com.unity.collab-proxy/Editor/Assets/Icons/back-light.png using Guid(e676ab7aa99535447a763c9f88bf9260) Importer(815301076,1909f56bfc062723c751e8b465ee728b)  -> (artifact id: '55b75ccfb3ecb68192a11c7c0115f1ca') in 0.008475 seconds
  Import took 0.010349 seconds .

========================================================================
Received Import Request.
  Time since last request: 0.000230 seconds.
  path: Packages/com.unity.collab-proxy/Editor/Assets/Icons/added-file-light.png
  artifactKey: Guid(397fff6c3885f8343bb65714f0064b5d) Importer(815301076,1909f56bfc062723c751e8b465ee728b)
Start importing Packages/com.unity.collab-proxy/Editor/Assets/Icons/added-file-light.png using Guid(397fff6c3885f8343bb65714f0064b5d) Importer(815301076,1909f56bfc062723c751e8b465ee728b)  -> (artifact id: '507d01aa476b46f9d0fbfbce3cecc40f') in 0.008519 seconds
  Import took 0.010308 seconds .

========================================================================
Received Import Request.
  Time since last request: 0.007963 seconds.
  path: Packages/com.unity.collab-proxy/Editor/Assets/Icons/back-light.png
  artifactKey: Guid(e676ab7aa99535447a763c9f88bf9260) Importer(815301076,1909f56bfc062723c751e8b465ee728b)
Start importing Packages/com.unity.collab-proxy/Editor/Assets/Icons/back-light.png using Guid(e676ab7aa99535447a763c9f88bf9260) Importer(815301076,1909f56bfc062723c751e8b465ee728b)  -> (artifact id: '55b75ccfb3ecb68192a11c7c0115f1ca') in 0.006537 seconds
  Import took 0.008776 seconds .

========================================================================
Received Import Request.
  Time since last request: 699.929832 seconds.
  path: Assets/Models/Potted Plant.prefab
  artifactKey: Guid(a78eef977406a45c6adf2e2324712c27) Importer(815301076,1909f56bfc062723c751e8b465ee728b)
Start importing Assets/Models/Potted Plant.prefab using Guid(a78eef977406a45c6adf2e2324712c27) Importer(815301076,1909f56bfc062723c751e8b465ee728b)  -> (artifact id: '1a65d74b64e9a655b33507fea97d1bc1') in 0.108477 seconds
  Import took 0.110675 seconds .

========================================================================
Received Import Request.
  Time since last request: 96.471501 seconds.
  path: Assets/Models/Potted Plant.blend
  artifactKey: Guid(22b77cfb8a0cc494c8c5be5d03d654cb) Importer(815301076,1909f56bfc062723c751e8b465ee728b)
Start importing Assets/Models/Potted Plant.blend using Guid(22b77cfb8a0cc494c8c5be5d03d654cb) Importer(815301076,1909f56bfc062723c751e8b465ee728b)  -> (artifact id: 'cc3b32f6e5f38674a7b76cc7bca29c2c') in 0.108604 seconds
  Import took 0.111288 seconds .

========================================================================
Received Import Request.
  Time since last request: 6.343048 seconds.
  path: Assets/Models/plant.blend
  artifactKey: Guid(22b77cfb8a0cc494c8c5be5d03d654cb) Importer(815301076,1909f56bfc062723c751e8b465ee728b)
Start importing Assets/Models/plant.blend using Guid(22b77cfb8a0cc494c8c5be5d03d654cb) Importer(815301076,1909f56bfc062723c751e8b465ee728b)  -> (artifact id: '6987e594cc53793e926d5ded977595ee') in 0.079843 seconds
  Import took 0.081765 seconds .

========================================================================
Received Import Request.
  Time since last request: 5.128389 seconds.
  path: Assets/Models/Potted Plant.prefab
  artifactKey: Guid(a78eef977406a45c6adf2e2324712c27) Importer(815301076,1909f56bfc062723c751e8b465ee728b)
Start importing Assets/Models/Potted Plant.prefab using Guid(a78eef977406a45c6adf2e2324712c27) Importer(815301076,1909f56bfc062723c751e8b465ee728b)  -> (artifact id: '7578237f74107c3659e81297c99602c5') in 0.014505 seconds
  Import took 0.016901 seconds .

========================================================================
Received Import Request.
  Time since last request: 39.927539 seconds.
  path: Assets/Prefabs
  artifactKey: Guid(e5a9db1ec3d334c6596ae30af8d9dcff) Importer(815301076,1909f56bfc062723c751e8b465ee728b)
Start importing Assets/Prefabs using Guid(e5a9db1ec3d334c6596ae30af8d9dcff) Importer(815301076,1909f56bfc062723c751e8b465ee728b)  -> (artifact id: 'feed3a635174d9c2d4a1c40fcc840064') in 0.004134 seconds
  Import took 0.006029 seconds .

========================================================================
Received Import Request.
  Time since last request: 3.148253 seconds.
  path: Assets/Prefabs/Potted Plant.prefab
  artifactKey: Guid(b7cb2e96550fe41a88bb41b31b6dccd8) Importer(815301076,1909f56bfc062723c751e8b465ee728b)
Start importing Assets/Prefabs/Potted Plant.prefab using Guid(b7cb2e96550fe41a88bb41b31b6dccd8) Importer(815301076,1909f56bfc062723c751e8b465ee728b)  -> (artifact id: 'eb6ddd344da0b3c614c09d5e9b70ed94') in 0.015900 seconds
  Import took 0.017934 seconds .

========================================================================
Received Import Request.
  Time since last request: 163.003235 seconds.
  path: Assets/Textures/AdobeStock_59179066.jpeg
  artifactKey: Guid(44f1a30fadac24aa392d50724f75103e) Importer(815301076,1909f56bfc062723c751e8b465ee728b)
Start importing Assets/Textures/AdobeStock_59179066.jpeg using Guid(44f1a30fadac24aa392d50724f75103e) Importer(815301076,1909f56bfc062723c751e8b465ee728b)  -> (artifact id: 'f114464cbd304c7cccdbe437f94de8ca') in 0.120107 seconds
  Import took 0.122455 seconds .

========================================================================
Received Import Request.
  Time since last request: 5.297917 seconds.
  path: Assets/Textures/Leaf.jpeg
  artifactKey: Guid(44f1a30fadac24aa392d50724f75103e) Importer(815301076,1909f56bfc062723c751e8b465ee728b)
Start importing Assets/Textures/Leaf.jpeg using Guid(44f1a30fadac24aa392d50724f75103e) Importer(815301076,1909f56bfc062723c751e8b465ee728b)  -> (artifact id: 'a4a42b8c0b2165ea943a3544623d738e') in 0.014319 seconds
  Import took 0.016661 seconds .

========================================================================
Received Import Request.
  Time since last request: 6.283795 seconds.
  path: Assets/Materials/Wood.mat
  artifactKey: Guid(633f1fa5885ad42eea7369a73af790b9) Importer(815301076,1909f56bfc062723c751e8b465ee728b)
Start importing Assets/Materials/Wood.mat using Guid(633f1fa5885ad42eea7369a73af790b9) Importer(815301076,1909f56bfc062723c751e8b465ee728b)  -> (artifact id: '8e1f7372841ba62975a4600f635ffb2a') in 0.019134 seconds
  Import took 0.021424 seconds .

========================================================================
Received Import Request.
  Time since last request: 14.647867 seconds.
  path: Assets/Materials/Leaf.mat
  artifactKey: Guid(5b61b1359b3f349638b59ad998c61ca2) Importer(815301076,1909f56bfc062723c751e8b465ee728b)
Start importing Assets/Materials/Leaf.mat using Guid(5b61b1359b3f349638b59ad998c61ca2) Importer(815301076,1909f56bfc062723c751e8b465ee728b)  -> (artifact id: 'f8b4b059009682ad79ac0922633d76c9') in 0.012339 seconds
  Import took 0.014341 seconds .

========================================================================
Received Import Request.
  Time since last request: 277.036286 seconds.
  path: Assets/Normals
  artifactKey: Guid(955f814b8ea9b40a4bd24fc8d506c969) Importer(815301076,1909f56bfc062723c751e8b465ee728b)
Start importing Assets/Normals using Guid(955f814b8ea9b40a4bd24fc8d506c969) Importer(815301076,1909f56bfc062723c751e8b465ee728b)  -> (artifact id: 'ad4f40982d7fbd9b6334b83e26cee474') in 0.001880 seconds
  Import took 0.004016 seconds .

========================================================================
Received Import Request.
  Time since last request: 110.364396 seconds.
  path: Assets/Normals/NormalMap.png
  artifactKey: Guid(2b99d1d4bab74453c82841bbb4ac8be5) Importer(815301076,1909f56bfc062723c751e8b465ee728b)
Start importing Assets/Normals/NormalMap.png using Guid(2b99d1d4bab74453c82841bbb4ac8be5) Importer(815301076,1909f56bfc062723c751e8b465ee728b)  -> (artifact id: '0516de68aee173c5a675b664a6b472f5') in 0.017629 seconds
  Import took 0.019813 seconds .

========================================================================
Received Import Request.
  Time since last request: 9.991506 seconds.
  path: Assets/Normals/LeafNormal.png
  artifactKey: Guid(2b99d1d4bab74453c82841bbb4ac8be5) Importer(815301076,1909f56bfc062723c751e8b465ee728b)
Start importing Assets/Normals/LeafNormal.png using Guid(2b99d1d4bab74453c82841bbb4ac8be5) Importer(815301076,1909f56bfc062723c751e8b465ee728b)  -> (artifact id: '83d5ce429b621e4fd18bf390ec5ef5f7') in 0.016019 seconds
  Import took 0.018882 seconds .

========================================================================
Received Import Request.
  Time since last request: 30.002934 seconds.
  path: Assets/Normals/LeafNormal.png
  artifactKey: Guid(2b99d1d4bab74453c82841bbb4ac8be5) Importer(815301076,1909f56bfc062723c751e8b465ee728b)
Start importing Assets/Normals/LeafNormal.png using Guid(2b99d1d4bab74453c82841bbb4ac8be5) Importer(815301076,1909f56bfc062723c751e8b465ee728b)  -> (artifact id: '4729580b5ad82d79b26cf2a359762fb4') in 0.105800 seconds
  Import took 0.108255 seconds .

========================================================================
Received Import Request.
  Time since last request: 101.904774 seconds.
  path: Assets/Materials/Pot.mat
  artifactKey: Guid(a29360f3ed093489fb18caf4258e6665) Importer(815301076,1909f56bfc062723c751e8b465ee728b)
Start importing Assets/Materials/Pot.mat using Guid(a29360f3ed093489fb18caf4258e6665) Importer(815301076,1909f56bfc062723c751e8b465ee728b)  -> (artifact id: '0e616ea603ebaf64b41521e16df46f8c') in 0.014637 seconds
  Import took 0.016549 seconds .

========================================================================
Received Import Request.
  Time since last request: 14.101579 seconds.
  path: Assets/Materials/Dirt.mat
  artifactKey: Guid(2466ebd23067843febb3a11ca7360b6f) Importer(815301076,1909f56bfc062723c751e8b465ee728b)
Start importing Assets/Materials/Dirt.mat using Guid(2466ebd23067843febb3a11ca7360b6f) Importer(815301076,1909f56bfc062723c751e8b465ee728b)  -> (artifact id: '079958bee6c5679d3b5d9f4e23257a10') in 0.012428 seconds
  Import took 0.014273 seconds .

========================================================================
Received Import Request.
  Time since last request: 128.582399 seconds.
  path: Assets/Textures/Dirt.jpg
  artifactKey: Guid(39f29ae7fe99b44e1a2cedd92cab92bb) Importer(815301076,1909f56bfc062723c751e8b465ee728b)
Start importing Assets/Textures/Dirt.jpg using Guid(39f29ae7fe99b44e1a2cedd92cab92bb) Importer(815301076,1909f56bfc062723c751e8b465ee728b)  -> (artifact id: '012dc8b30ea07c938e079a8d9ee08941') in 0.015752 seconds
  Import took 0.018017 seconds .

========================================================================
Received Import Request.
  Time since last request: 6.134839 seconds.
  path: Assets/Normals/DirtNormal.png
  artifactKey: Guid(811a4c47355004d81bcbba85d94c696d) Importer(815301076,1909f56bfc062723c751e8b465ee728b)
Start importing Assets/Normals/DirtNormal.png using Guid(811a4c47355004d81bcbba85d94c696d) Importer(815301076,1909f56bfc062723c751e8b465ee728b)  -> (artifact id: '5607912287a3e8de4d81830394910b0e') in 0.012886 seconds
  Import took 0.015289 seconds .

========================================================================
Received Import Request.
  Time since last request: 342.180287 seconds.
  path: Assets/Textures/AdobeStock_110658544.jpeg
  artifactKey: Guid(b4591af50e8e04aaaac5241d3c64b6f6) Importer(815301076,1909f56bfc062723c751e8b465ee728b)
Start importing Assets/Textures/AdobeStock_110658544.jpeg using Guid(b4591af50e8e04aaaac5241d3c64b6f6) Importer(815301076,1909f56bfc062723c751e8b465ee728b)  -> (artifact id: '810235c245afdae4c77e5d1f38e57fca') in 0.049615 seconds
  Import took 0.080784 seconds .

========================================================================
Received Import Request.
  Time since last request: 8.981758 seconds.
  path: Assets/Textures/Pot.jpeg
  artifactKey: Guid(b4591af50e8e04aaaac5241d3c64b6f6) Importer(815301076,1909f56bfc062723c751e8b465ee728b)
Start importing Assets/Textures/Pot.jpeg using Guid(b4591af50e8e04aaaac5241d3c64b6f6) Importer(815301076,1909f56bfc062723c751e8b465ee728b)  -> (artifact id: '9a3835ff4d5cba812cf5fb0aa1f76d3e') in 0.016958 seconds
  Import took 0.020273 seconds .

========================================================================
Received Import Request.
  Time since last request: 14.527466 seconds.
  path: Assets/Normals/PotNormal.png
  artifactKey: Guid(5270037ecd5644c64a975b1f0fe7a432) Importer(815301076,1909f56bfc062723c751e8b465ee728b)
Start importing Assets/Normals/PotNormal.png using Guid(5270037ecd5644c64a975b1f0fe7a432) Importer(815301076,1909f56bfc062723c751e8b465ee728b)  -> (artifact id: '0f5c9108a11781bd443d96943cd7e917') in 0.021888 seconds
  Import took 0.024124 seconds .

========================================================================
Received Import Request.
  Time since last request: 8.768570 seconds.
  path: Assets/Normals/DirtNormal.png
  artifactKey: Guid(811a4c47355004d81bcbba85d94c696d) Importer(815301076,1909f56bfc062723c751e8b465ee728b)
Start importing Assets/Normals/DirtNormal.png using Guid(811a4c47355004d81bcbba85d94c696d) Importer(815301076,1909f56bfc062723c751e8b465ee728b)  -> (artifact id: '0e12476afc7551b5c428f2b9ae9f8618') in 0.015934 seconds
  Import took 0.018564 seconds .

========================================================================
Received Import Request.
  Time since last request: 0.005612 seconds.
  path: Assets/Normals/DirtNormal.png
  artifactKey: Guid(811a4c47355004d81bcbba85d94c696d) Importer(815301076,1909f56bfc062723c751e8b465ee728b)
Start importing Assets/Normals/DirtNormal.png using Guid(811a4c47355004d81bcbba85d94c696d) Importer(815301076,1909f56bfc062723c751e8b465ee728b)  -> (artifact id: '0e12476afc7551b5c428f2b9ae9f8618') in 0.012872 seconds
  Import took 0.014899 seconds .

========================================================================
Received Import Request.
  Time since last request: 5.410145 seconds.
  path: Assets/Normals/PotNormal.png
  artifactKey: Guid(5270037ecd5644c64a975b1f0fe7a432) Importer(815301076,1909f56bfc062723c751e8b465ee728b)
Start importing Assets/Normals/PotNormal.png using Guid(5270037ecd5644c64a975b1f0fe7a432) Importer(815301076,1909f56bfc062723c751e8b465ee728b)  -> (artifact id: 'ff7eb32cff1a57618248b94722b32d44') in 0.017821 seconds
  Import took 0.020948 seconds .

========================================================================
Received Import Request.
  Time since last request: 0.005272 seconds.
  path: Assets/Normals/PotNormal.png
  artifactKey: Guid(5270037ecd5644c64a975b1f0fe7a432) Importer(815301076,1909f56bfc062723c751e8b465ee728b)
Start importing Assets/Normals/PotNormal.png using Guid(5270037ecd5644c64a975b1f0fe7a432) Importer(815301076,1909f56bfc062723c751e8b465ee728b)  -> (artifact id: 'ff7eb32cff1a57618248b94722b32d44') in 0.016491 seconds
  Import took 0.019234 seconds .

========================================================================
Received Import Request.
  Time since last request: 1048.046237 seconds.
  path: Assets/Prefabs/coffee table.prefab
  artifactKey: Guid(26b1d847655c54b0e9d97a2a5e5fc983) Importer(815301076,1909f56bfc062723c751e8b465ee728b)
Start importing Assets/Prefabs/coffee table.prefab using Guid(26b1d847655c54b0e9d97a2a5e5fc983) Importer(815301076,1909f56bfc062723c751e8b465ee728b)  -> (artifact id: '6076b3eb1d1020bd45e431ff92afe5bc') in 0.032677 seconds
  Import took 0.035685 seconds .

========================================================================
Received Import Request.
  Time since last request: 0.000217 seconds.
  path: Assets/Prefabs/coffee table.prefab
  artifactKey: Guid(26b1d847655c54b0e9d97a2a5e5fc983) Importer(815301076,1909f56bfc062723c751e8b465ee728b)
Start importing Assets/Prefabs/coffee table.prefab using Guid(26b1d847655c54b0e9d97a2a5e5fc983) Importer(815301076,1909f56bfc062723c751e8b465ee728b)  -> (artifact id: '6076b3eb1d1020bd45e431ff92afe5bc') in 0.022806 seconds
  Import took 0.024630 seconds .

========================================================================
Received Import Request.
  Time since last request: 10.783207 seconds.
  path: Assets/Prefabs/Coffee Table.prefab
  artifactKey: Guid(26b1d847655c54b0e9d97a2a5e5fc983) Importer(815301076,1909f56bfc062723c751e8b465ee728b)
Start importing Assets/Prefabs/Coffee Table.prefab using Guid(26b1d847655c54b0e9d97a2a5e5fc983) Importer(815301076,1909f56bfc062723c751e8b465ee728b)  -> (artifact id: '06d46ab733bd5c4ee49a60f8c347ebb8') in 0.015053 seconds
  Import took 0.018319 seconds .

========================================================================
Received Import Request.
  Time since last request: 0.002343 seconds.
  path: Assets/Prefabs/Coffee Table.prefab
  artifactKey: Guid(26b1d847655c54b0e9d97a2a5e5fc983) Importer(815301076,1909f56bfc062723c751e8b465ee728b)
Start importing Assets/Prefabs/Coffee Table.prefab using Guid(26b1d847655c54b0e9d97a2a5e5fc983) Importer(815301076,1909f56bfc062723c751e8b465ee728b)  -> (artifact id: '06d46ab733bd5c4ee49a60f8c347ebb8') in 0.013284 seconds
  Import took 0.015966 seconds .

========================================================================
Received Import Request.
  Time since last request: 399.040835 seconds.
  path: Assets/Textures/Pot.png
  artifactKey: Guid(e658438f4f8ce4373817a8b0126e7134) Importer(815301076,1909f56bfc062723c751e8b465ee728b)
Start importing Assets/Textures/Pot.png using Guid(e658438f4f8ce4373817a8b0126e7134) Importer(815301076,1909f56bfc062723c751e8b465ee728b)  -> (artifact id: '3aafd17c16fcaf9ed5de90a4ca303eb9') in 0.038842 seconds
  Import took 0.057597 seconds .

========================================================================
Received Import Request.
  Time since last request: 246.894975 seconds.
  path: Assets/Prefabs/Potted Plant.prefab
  artifactKey: Guid(b7cb2e96550fe41a88bb41b31b6dccd8) Importer(815301076,1909f56bfc062723c751e8b465ee728b)
Start importing Assets/Prefabs/Potted Plant.prefab using Guid(b7cb2e96550fe41a88bb41b31b6dccd8) Importer(815301076,1909f56bfc062723c751e8b465ee728b)  -> (artifact id: '1b59341fc32b10d8b6e4bb31fa80c457') in 0.030046 seconds
  Import took 0.033667 seconds .

========================================================================
Received Import Request.
  Time since last request: 0.000868 seconds.
  path: Assets/Prefabs/Potted Plant.prefab
  artifactKey: Guid(b7cb2e96550fe41a88bb41b31b6dccd8) Importer(815301076,1909f56bfc062723c751e8b465ee728b)
Start importing Assets/Prefabs/Potted Plant.prefab using Guid(b7cb2e96550fe41a88bb41b31b6dccd8) Importer(815301076,1909f56bfc062723c751e8b465ee728b)  -> (artifact id: '1b59341fc32b10d8b6e4bb31fa80c457') in 0.015512 seconds
  Import took 0.018509 seconds .

========================================================================
Received Import Request.
  Time since last request: 207.875174 seconds.
  path: Assets/Prefabs/shelf.prefab
  artifactKey: Guid(e02dd87cbd62a44fa8530df45419c904) Importer(815301076,1909f56bfc062723c751e8b465ee728b)
Start importing Assets/Prefabs/shelf.prefab using Guid(e02dd87cbd62a44fa8530df45419c904) Importer(815301076,1909f56bfc062723c751e8b465ee728b)  -> (artifact id: '5a47193f322693102ed4288c7761cecf') in 0.020971 seconds
  Import took 0.023972 seconds .

========================================================================
Received Import Request.
  Time since last request: 0.001696 seconds.
  path: Assets/Prefabs/shelf.prefab
  artifactKey: Guid(e02dd87cbd62a44fa8530df45419c904) Importer(815301076,1909f56bfc062723c751e8b465ee728b)
Start importing Assets/Prefabs/shelf.prefab using Guid(e02dd87cbd62a44fa8530df45419c904) Importer(815301076,1909f56bfc062723c751e8b465ee728b)  -> (artifact id: '5a47193f322693102ed4288c7761cecf') in 0.016524 seconds
  Import took 0.018855 seconds .

========================================================================
Received Import Request.
  Time since last request: 4.432198 seconds.
  path: Assets/Prefabs/shelf 2.prefab
  artifactKey: Guid(df7f4ceb0f1d042b09abf302d2759061) Importer(815301076,1909f56bfc062723c751e8b465ee728b)
Start importing Assets/Prefabs/shelf 2.prefab using Guid(df7f4ceb0f1d042b09abf302d2759061) Importer(815301076,1909f56bfc062723c751e8b465ee728b)  -> (artifact id: 'ff56bb33ae923590e7cab9061bbbdd59') in 0.027064 seconds
  Import took 0.029792 seconds .

========================================================================
Received Import Request.
  Time since last request: 0.001799 seconds.
  path: Assets/Prefabs/shelf 2.prefab
  artifactKey: Guid(df7f4ceb0f1d042b09abf302d2759061) Importer(815301076,1909f56bfc062723c751e8b465ee728b)
Start importing Assets/Prefabs/shelf 2.prefab using Guid(df7f4ceb0f1d042b09abf302d2759061) Importer(815301076,1909f56bfc062723c751e8b465ee728b)  -> (artifact id: 'ff56bb33ae923590e7cab9061bbbdd59') in 0.017459 seconds
  Import took 0.019972 seconds .

========================================================================
Received Import Request.
  Time since last request: 6.228258 seconds.
  path: Assets/Prefabs/Large Shelf.prefab
  artifactKey: Guid(df7f4ceb0f1d042b09abf302d2759061) Importer(815301076,1909f56bfc062723c751e8b465ee728b)
Start importing Assets/Prefabs/Large Shelf.prefab using Guid(df7f4ceb0f1d042b09abf302d2759061) Importer(815301076,1909f56bfc062723c751e8b465ee728b)  -> (artifact id: 'd6f521ee1ae587cb9e07b9acc7e4da7d') in 0.016235 seconds
  Import took 0.020725 seconds .

========================================================================
Received Import Request.
  Time since last request: 0.006299 seconds.
  path: Assets/Prefabs/Large Shelf.prefab
  artifactKey: Guid(df7f4ceb0f1d042b09abf302d2759061) Importer(815301076,1909f56bfc062723c751e8b465ee728b)
Start importing Assets/Prefabs/Large Shelf.prefab using Guid(df7f4ceb0f1d042b09abf302d2759061) Importer(815301076,1909f56bfc062723c751e8b465ee728b)  -> (artifact id: 'd6f521ee1ae587cb9e07b9acc7e4da7d') in 0.014064 seconds
  Import took 0.016314 seconds .

========================================================================
Received Import Request.
  Time since last request: 6.291164 seconds.
  path: Assets/Prefabs/Small Shelf.prefab
  artifactKey: Guid(e02dd87cbd62a44fa8530df45419c904) Importer(815301076,1909f56bfc062723c751e8b465ee728b)
Start importing Assets/Prefabs/Small Shelf.prefab using Guid(e02dd87cbd62a44fa8530df45419c904) Importer(815301076,1909f56bfc062723c751e8b465ee728b)  -> (artifact id: '09a50fb8aeb018a680416511b9df3c56') in 0.015549 seconds
  Import took 0.019894 seconds .

========================================================================
Received Import Request.
  Time since last request: 0.005484 seconds.
  path: Assets/Prefabs/Small Shelf.prefab
  artifactKey: Guid(e02dd87cbd62a44fa8530df45419c904) Importer(815301076,1909f56bfc062723c751e8b465ee728b)
Start importing Assets/Prefabs/Small Shelf.prefab using Guid(e02dd87cbd62a44fa8530df45419c904) Importer(815301076,1909f56bfc062723c751e8b465ee728b)  -> (artifact id: '09a50fb8aeb018a680416511b9df3c56') in 0.014757 seconds
  Import took 0.017495 seconds .

========================================================================
Received Import Request.
  Time since last request: 456.218645 seconds.
  path: Assets/Materials/Dirt.mat
  artifactKey: Guid(2466ebd23067843febb3a11ca7360b6f) Importer(815301076,1909f56bfc062723c751e8b465ee728b)
Start importing Assets/Materials/Dirt.mat using Guid(2466ebd23067843febb3a11ca7360b6f) Importer(815301076,1909f56bfc062723c751e8b465ee728b)  -> (artifact id: '012a3606568009c5c646170eb7c57d02') in 0.395828 seconds
  Import took 0.398848 seconds .

========================================================================
Received Import Request.
  Time since last request: 0.000161 seconds.
  path: Assets/Materials/Leaf.mat
  artifactKey: Guid(5b61b1359b3f349638b59ad998c61ca2) Importer(815301076,1909f56bfc062723c751e8b465ee728b)
Start importing Assets/Materials/Leaf.mat using Guid(5b61b1359b3f349638b59ad998c61ca2) Importer(815301076,1909f56bfc062723c751e8b465ee728b)  -> (artifact id: 'b5696d17994dbdd24ec4243b6b18ef85') in 0.037432 seconds
  Import took 0.040644 seconds .

========================================================================
Received Import Request.
  Time since last request: 0.000337 seconds.
  path: Assets/Materials/Pot.mat
  artifactKey: Guid(a29360f3ed093489fb18caf4258e6665) Importer(815301076,1909f56bfc062723c751e8b465ee728b)
Start importing Assets/Materials/Pot.mat using Guid(a29360f3ed093489fb18caf4258e6665) Importer(815301076,1909f56bfc062723c751e8b465ee728b)  -> (artifact id: 'cf6bc35db988dbc1e6e8533b234d3e29') in 0.020505 seconds
  Import took 0.023551 seconds .

AssetImportWorkerClient::OnTransportError - code=2 error=End of file
